\\;
\\; E_DISK_ERROR
\\1
Disketten Fehler:
%s.
ENTER zum Wiederholen.
ESC zum %s.

\\;
\\; E_CANCEL
\\2
Annullieren
\\;
\\; E_QUIT
\\3
Aufhîren
\\;
\\; E_DISK_ERROR_MSG
\\4
Disk ist schreibgeschÅtzt
\\5
Unbekannte Einheit
\\6
Nicht fertig
\\7
?
\\8
CRC Fehler
\\9
?
\\10
Suche Fehler
\\11
?
\\12
Sektor nicht gefunden
\\13
?
\\14
Schreib Fehler
\\15
Lese Fehler
\\16
Genereller Zusammenbruch
\\;
\\; E_OOPS_TXT
\\25
Du hast etwas ausprobiert, da· wir nicht in Betracht gezogen haben.
Was auch immer es war, es ist nicht nîtig, um das Spiel zu beenden.
Versuche einen anderen Weg, um dieses Problem zu lîsen. 
Fehler %d. SCI Version %s
\\;
\\; E_OOPS
\\26
Uups!
\\;
\\; E_NO_DEBUG
\\27
 Debug nicht mîglich! Fehler #%d 
\\;
\\; E_NO_AUDIO_DRVR
\\28
Kann den Audio Treiber '%s' nicht finden!

\\;
\\; E_NO_AUDIO
\\29
Kann die Audio Hardware nicht initialisieren.
\\;
\\; E_NO_CD_MAP
\\30
Kann die CD-Sprachausgabe Datei nicht finden.
\\;
\\; E_INSERT_DISK
\\31
Bitte lege die
Disk %d in Laufwerk %s
ein und drÅcke ENTER.%s
\\;
\\; E_NO_LANG_MAP	
\\32
Kann die Sprachausgabedatei nicht finden.
\\;
\\; E_INSERT_STARTUP
\\33
Bitte lege die Startup Disk
in Laufwerk %s ein und
drÅcke ENTER.%s
\\;
\\; E_NO_KBDDRV
\\34
Kein Tastaturtreiber!
\\;
\\; E_NO_HUNK
\\35
Out of hunk!
\\;
\\; E_NO_HANDLES
\\36
Out of handles!
\\;
\\; E_NO_VIDEO
\\37
Kann Videotreiber nicht installieren!
\\;
\\; E_CANT_FIND
\\38
Kann %s nicht finden.
\\;
\\; E_NO_PATCH
\\39
Kann PatchBank nicht finden.
\\;
\\; E_NO_MUSIC
\\40
Kann Soundkarte nicht initialisieren.
\\;
\\; E_CANT_LOAD
\\41
Kann %s nicht laden!

\\;
\\; E_NO_INSTALL
\\42
Kann die Konfigurationsdatei %s nicht finden.
Bitte fÅhre das Installprogramm aus.

\\;
\\; E_RESRC_MISMATCH
\\43
Resource Dateityp nicht Åbereinstimmend.
\\;
\\; E_NOT_FOUND
\\44
%s nicht gefunden.
\\;
\\; E_WRONG_RESRC
\\45
Falscher Resource Type!
Suche nach $%x #%d
\\;
\\; E_LOAD_ERROR
\\46
Ladefehler: %s
ENTER fÑhrt weiter,
ESC hîrt auf
\\;
\\; E_MAX_SERVE
\\47
Maximale Nummer fÅr Server Åberschritten.

\\;
\\; E_NO_DEBUGGER
\\48
Kein Debugmodus mîglich.
\\;
\\; E_NO_MINHUNK
\\49
Deine Konfigurationsdatei mu· einen minHunk Wert haben.
\\;
\\; E_NO_MEMORY
\\50
Du hast nicht genÅgend SpeicherkapazitÑt, um dieses Spiel zu spielen.
Solltest Du residente Programme geladen haben, entferne sie bitte.
\\;
\\; E_NO_CONF_STORAGE
\\51
Zu kleiner Speicherbereich in der Konfigurationsdatei.
\\;
\\; E_BAD_PIC
\\52
Schlechter Bildcode
\\53
Out of hunk
Lade %s
\\;
